0 info it worked if it ends with ok
1 verbose cli [ '/usr/local/bin/node', '/usr/local/bin/npm', 'run', 'dev' ]
2 info using npm@6.7.0
3 info using node@v11.15.0
4 verbose run-script [ 'predev', 'dev', 'postdev' ]
5 info lifecycle server@1.0.0~predev: server@1.0.0
6 info lifecycle server@1.0.0~dev: server@1.0.0
7 verbose lifecycle server@1.0.0~dev: unsafe-perm in lifecycle true
8 verbose lifecycle server@1.0.0~dev: PATH: /usr/local/lib/node_modules/npm/node_modules/npm-lifecycle/node-gyp-bin:/app/node_modules/.bin:/usr/local/sbin:/usr/local/bin:/usr/sbin:/usr/bin:/sbin:/bin
9 verbose lifecycle server@1.0.0~dev: CWD: /app
10 silly lifecycle server@1.0.0~dev: Args: [ '-c', 'node ./' ]
11 silly lifecycle server@1.0.0~dev: Returned: code: 1  signal: null
12 info lifecycle server@1.0.0~dev: Failed to exec dev script
13 verbose stack Error: server@1.0.0 dev: `node ./`
13 verbose stack Exit status 1
13 verbose stack     at EventEmitter.<anonymous> (/usr/local/lib/node_modules/npm/node_modules/npm-lifecycle/index.js:301:16)
13 verbose stack     at EventEmitter.emit (events.js:193:13)
13 verbose stack     at ChildProcess.<anonymous> (/usr/local/lib/node_modules/npm/node_modules/npm-lifecycle/lib/spawn.js:55:14)
13 verbose stack     at ChildProcess.emit (events.js:193:13)
13 verbose stack     at maybeClose (internal/child_process.js:999:16)
13 verbose stack     at Process.ChildProcess._handle.onexit (internal/child_process.js:266:5)
14 verbose pkgid server@1.0.0
15 verbose cwd /app
16 verbose Linux 4.9.184-linuxkit
17 verbose argv "/usr/local/bin/node" "/usr/local/bin/npm" "run" "dev"
18 verbose node v11.15.0
19 verbose npm  v6.7.0
20 error code ELIFECYCLE
21 error errno 1
22 error server@1.0.0 dev: `node ./`
22 error Exit status 1
23 error Failed at the server@1.0.0 dev script.
23 error This is probably not a problem with npm. There is likely additional logging output above.
24 verbose exit [ 1, true ]
